[INFO] Scanning for projects...
[INFO] 
[INFO] ------------------------< com.example:Quiz_app >------------------------
[INFO] Building Quiz_app 0.0.1-SNAPSHOT
[INFO]   from pom.xml
[INFO] --------------------------------[ jar ]---------------------------------
[INFO] 
[INFO] >>> spring-boot:3.5.7:run (default-cli) > test-compile @ Quiz_app >>>
[INFO] 
[INFO] --- resources:3.3.1:resources (default-resources) @ Quiz_app ---
[INFO] Copying 1 resource from src/main/resources to target/classes
[INFO] Copying 6 resources from src/main/resources to target/classes
[INFO] 
[INFO] --- compiler:3.14.1:compile (default-compile) @ Quiz_app ---
[INFO] Nothing to compile - all classes are up to date.
[INFO] 
[INFO] --- resources:3.3.1:testResources (default-testResources) @ Quiz_app ---
[INFO] skip non existing resourceDirectory /workspaces/Quiz_app/Quiz_app/src/test/resources
[INFO] 
[INFO] --- compiler:3.14.1:testCompile (default-testCompile) @ Quiz_app ---
[INFO] Nothing to compile - all classes are up to date.
[INFO] 
[INFO] <<< spring-boot:3.5.7:run (default-cli) < test-compile @ Quiz_app <<<
[INFO] 
[INFO] 
[INFO] --- spring-boot:3.5.7:run (default-cli) @ Quiz_app ---
[INFO] Attaching agents: []

  .   ____          _            __ _ _
 /\\ / ___'_ __ _ _(_)_ __  __ _ \ \ \ \
( ( )\___ | '_ | '_| | '_ \/ _` | \ \ \ \
 \\/  ___)| |_)| | | | | || (_| |  ) ) ) )
  '  |____| .__|_| |_|_| |_\__, | / / / /
 =========|_|==============|___/=/_/_/_/

 :: Spring Boot ::                (v3.5.7)

2025-11-13T20:08:36.351Z  INFO 103176 --- [Quiz_app] [           main] c.example.Quiz_app.QuizAppApplication    : Starting QuizAppApplication using Java 21.0.7 with PID 103176 (/workspaces/Quiz_app/Quiz_app/target/classes started by codespace in /workspaces/Quiz_app/Quiz_app)
2025-11-13T20:08:36.354Z  INFO 103176 --- [Quiz_app] [           main] c.example.Quiz_app.QuizAppApplication    : No active profile set, falling back to 1 default profile: "default"
2025-11-13T20:08:36.999Z  INFO 103176 --- [Quiz_app] [           main] .s.d.r.c.RepositoryConfigurationDelegate : Bootstrapping Spring Data JPA repositories in DEFAULT mode.
2025-11-13T20:08:37.040Z  INFO 103176 --- [Quiz_app] [           main] .s.d.r.c.RepositoryConfigurationDelegate : Finished Spring Data repository scanning in 34 ms. Found 1 JPA repository interface.
2025-11-13T20:08:37.498Z  INFO 103176 --- [Quiz_app] [           main] o.s.b.w.embedded.tomcat.TomcatWebServer  : Tomcat initialized with port 8081 (http)
2025-11-13T20:08:37.511Z  INFO 103176 --- [Quiz_app] [           main] o.apache.catalina.core.StandardService   : Starting service [Tomcat]
2025-11-13T20:08:37.511Z  INFO 103176 --- [Quiz_app] [           main] o.apache.catalina.core.StandardEngine    : Starting Servlet engine: [Apache Tomcat/10.1.48]
2025-11-13T20:08:37.546Z  INFO 103176 --- [Quiz_app] [           main] o.a.c.c.C.[Tomcat].[localhost].[/]       : Initializing Spring embedded WebApplicationContext
2025-11-13T20:08:37.547Z  INFO 103176 --- [Quiz_app] [           main] w.s.c.ServletWebServerApplicationContext : Root WebApplicationContext: initialization completed in 1129 ms
2025-11-13T20:08:37.693Z  INFO 103176 --- [Quiz_app] [           main] o.hibernate.jpa.internal.util.LogHelper  : HHH000204: Processing PersistenceUnitInfo [name: default]
2025-11-13T20:08:37.726Z  INFO 103176 --- [Quiz_app] [           main] org.hibernate.Version                    : HHH000412: Hibernate ORM core version 6.6.33.Final
2025-11-13T20:08:37.749Z  INFO 103176 --- [Quiz_app] [           main] o.h.c.internal.RegionFactoryInitiator    : HHH000026: Second-level cache disabled
2025-11-13T20:08:37.949Z  INFO 103176 --- [Quiz_app] [           main] o.s.o.j.p.SpringPersistenceUnitInfo      : No LoadTimeWeaver setup: ignoring JPA class transformer
2025-11-13T20:08:37.969Z  INFO 103176 --- [Quiz_app] [           main] com.zaxxer.hikari.HikariDataSource       : HikariPool-1 - Starting...
2025-11-13T20:08:38.144Z  INFO 103176 --- [Quiz_app] [           main] com.zaxxer.hikari.pool.HikariPool        : HikariPool-1 - Added connection com.mysql.cj.jdbc.ConnectionImpl@a1e912f
2025-11-13T20:08:38.146Z  INFO 103176 --- [Quiz_app] [           main] com.zaxxer.hikari.HikariDataSource       : HikariPool-1 - Start completed.
2025-11-13T20:08:38.180Z  WARN 103176 --- [Quiz_app] [           main] org.hibernate.orm.deprecation            : HHH90000025: MySQL8Dialect does not need to be specified explicitly using 'hibernate.dialect' (remove the property setting and it will be selected by default)
2025-11-13T20:08:38.181Z  WARN 103176 --- [Quiz_app] [           main] org.hibernate.orm.deprecation            : HHH90000026: MySQL8Dialect has been deprecated; use org.hibernate.dialect.MySQLDialect instead
2025-11-13T20:08:38.197Z  INFO 103176 --- [Quiz_app] [           main] org.hibernate.orm.connections.pooling    : HHH10001005: Database info:
	Database JDBC URL [Connecting through datasource 'HikariDataSource (HikariPool-1)']
	Database driver: undefined/unknown
	Database version: 8.0
	Autocommit mode: undefined/unknown
	Isolation level: undefined/unknown
	Minimum pool size: undefined/unknown
	Maximum pool size: undefined/unknown
2025-11-13T20:08:38.745Z  INFO 103176 --- [Quiz_app] [           main] o.h.e.t.j.p.i.JtaPlatformInitiator       : HHH000489: No JTA platform available (set 'hibernate.transaction.jta.platform' to enable JTA platform integration)
2025-11-13T20:08:38.820Z DEBUG 103176 --- [Quiz_app] [           main] org.hibernate.SQL                        : 
    create table users (
        id bigint not null auto_increment,
        password varchar(255),
        role varchar(255),
        username varchar(255),
        primary key (id)
    ) engine=InnoDB
Hibernate: 
    create table users (
        id bigint not null auto_increment,
        password varchar(255),
        role varchar(255),
        username varchar(255),
        primary key (id)
    ) engine=InnoDB
2025-11-13T20:08:38.923Z DEBUG 103176 --- [Quiz_app] [           main] org.hibernate.SQL                        : 
    alter table users 
       drop index UKr43af9ap4edm43mmtq01oddj6
Hibernate: 
    alter table users 
       drop index UKr43af9ap4edm43mmtq01oddj6
2025-11-13T20:08:39.212Z DEBUG 103176 --- [Quiz_app] [           main] org.hibernate.SQL                        : 
    alter table users 
       add constraint UKr43af9ap4edm43mmtq01oddj6 unique (username)
Hibernate: 
    alter table users 
       add constraint UKr43af9ap4edm43mmtq01oddj6 unique (username)
2025-11-13T20:08:39.247Z  INFO 103176 --- [Quiz_app] [           main] j.LocalContainerEntityManagerFactoryBean : Initialized JPA EntityManagerFactory for persistence unit 'default'
2025-11-13T20:08:39.551Z  WARN 103176 --- [Quiz_app] [           main] JpaBaseConfiguration$JpaWebConfiguration : spring.jpa.open-in-view is enabled by default. Therefore, database queries may be performed during view rendering. Explicitly configure spring.jpa.open-in-view to disable this warning
2025-11-13T20:08:39.574Z  INFO 103176 --- [Quiz_app] [           main] eAuthenticationProviderManagerConfigurer : Global AuthenticationManager configured with AuthenticationProvider bean with name authenticationProvider
2025-11-13T20:08:39.575Z  WARN 103176 --- [Quiz_app] [           main] r$InitializeUserDetailsManagerConfigurer : Global AuthenticationManager configured with an AuthenticationProvider bean. UserDetailsService beans will not be used by Spring Security for automatically configuring username/password login. Consider removing the AuthenticationProvider bean. Alternatively, consider using the UserDetailsService in a manually instantiated DaoAuthenticationProvider. If the current configuration is intentional, to turn off this warning, increase the logging level of 'org.springframework.security.config.annotation.authentication.configuration.InitializeUserDetailsBeanManagerConfigurer' to ERROR
2025-11-13T20:08:40.114Z  INFO 103176 --- [Quiz_app] [           main] o.s.b.w.embedded.tomcat.TomcatWebServer  : Tomcat started on port 8081 (http) with context path '/'
2025-11-13T20:08:40.121Z  INFO 103176 --- [Quiz_app] [           main] c.example.Quiz_app.QuizAppApplication    : Started QuizAppApplication in 4.162 seconds (process running for 4.459)
2025-11-13T20:08:59.708Z  INFO 103176 --- [Quiz_app] [nio-8081-exec-1] o.a.c.c.C.[Tomcat].[localhost].[/]       : Initializing Spring DispatcherServlet 'dispatcherServlet'
2025-11-13T20:08:59.708Z  INFO 103176 --- [Quiz_app] [nio-8081-exec-1] o.s.web.servlet.DispatcherServlet        : Initializing Servlet 'dispatcherServlet'
2025-11-13T20:08:59.710Z  INFO 103176 --- [Quiz_app] [nio-8081-exec-1] o.s.web.servlet.DispatcherServlet        : Completed initialization in 2 ms
